0 info it worked if it ends with ok
1 verbose cli [ 'C:\\Program Files\\nodejs\\node.exe',
1 verbose cli   'C:\\Program Files\\nodejs\\node_modules\\npm\\bin\\npm-cli.js',
1 verbose cli   'start' ]
2 info using npm@4.0.5
3 info using node@v7.4.0
4 verbose run-script [ 'prestart', 'start', 'poststart' ]
5 info lifecycle expressdemo@1.0.0~prestart: expressdemo@1.0.0
6 silly lifecycle expressdemo@1.0.0~prestart: no script for prestart, continuing
7 info lifecycle expressdemo@1.0.0~start: expressdemo@1.0.0
8 verbose lifecycle expressdemo@1.0.0~start: unsafe-perm in lifecycle true
9 verbose lifecycle expressdemo@1.0.0~start: PATH: C:\Program Files\nodejs\node_modules\npm\bin\node-gyp-bin;C:\Users\Oliver\Desktop\Javascript\Period2\fromzero\ExpressDemo\node_modules\.bin;C:\ProgramData\Oracle\Java\javapath;C:\WINDOWS\system32;C:\WINDOWS;C:\WINDOWS\System32\Wbem;C:\WINDOWS\System32\WindowsPowerShell\v1.0\;C:\Program Files (x86)\Common Files\lenovo\easyplussdk\bin;C:\Program Files\Git\cmd;C:\Program Files (x86)\Skype\Phone\;C:\Program Files\Intel\WiFi\bin\;C:\Program Files\Common Files\Intel\WirelessCommon\;C:\Program Files\nodejs\;C:\Program Files (x86)\GtkSharp\2.12\bin;C:\Users\Oliver\AppData\Local\Microsoft\WindowsApps;C:\Users\Oliver\AppData\Roaming\npm;C:\Program Files\Visual Studio Code\Microsoft VS Code\bin
10 verbose lifecycle expressdemo@1.0.0~start: CWD: C:\Users\Oliver\Desktop\Javascript\Period2\fromzero\ExpressDemo
11 silly lifecycle expressdemo@1.0.0~start: Args: [ '/d /s /c', 'node ./bin/www' ]
12 silly lifecycle expressdemo@1.0.0~start: Returned: code: 1  signal: null
13 info lifecycle expressdemo@1.0.0~start: Failed to exec start script
14 verbose stack Error: expressdemo@1.0.0 start: `node ./bin/www`
14 verbose stack Exit status 1
14 verbose stack     at EventEmitter.<anonymous> (C:\Program Files\nodejs\node_modules\npm\lib\utils\lifecycle.js:279:16)
14 verbose stack     at emitTwo (events.js:106:13)
14 verbose stack     at EventEmitter.emit (events.js:191:7)
14 verbose stack     at ChildProcess.<anonymous> (C:\Program Files\nodejs\node_modules\npm\lib\utils\spawn.js:40:14)
14 verbose stack     at emitTwo (events.js:106:13)
14 verbose stack     at ChildProcess.emit (events.js:191:7)
14 verbose stack     at maybeClose (internal/child_process.js:885:16)
14 verbose stack     at Process.ChildProcess._handle.onexit (internal/child_process.js:226:5)
15 verbose pkgid expressdemo@1.0.0
16 verbose cwd C:\Users\Oliver\Desktop\Javascript\Period2\fromzero\ExpressDemo
17 error Windows_NT 10.0.14393
18 error argv "C:\\Program Files\\nodejs\\node.exe" "C:\\Program Files\\nodejs\\node_modules\\npm\\bin\\npm-cli.js" "start"
19 error node v7.4.0
20 error npm  v4.0.5
21 error code ELIFECYCLE
22 error expressdemo@1.0.0 start: `node ./bin/www`
22 error Exit status 1
23 error Failed at the expressdemo@1.0.0 start script 'node ./bin/www'.
23 error Make sure you have the latest version of node.js and npm installed.
23 error If you do, this is most likely a problem with the expressdemo package,
23 error not with npm itself.
23 error Tell the author that this fails on your system:
23 error     node ./bin/www
23 error You can get information on how to open an issue for this project with:
23 error     npm bugs expressdemo
23 error Or if that isn't available, you can get their info via:
23 error     npm owner ls expressdemo
23 error There is likely additional logging output above.
24 verbose exit [ 1, true ]
